<?xml version="1.0" encoding="UTF-8"?>
<configuration experimentType="rnaseq_mrna_baseline" r_data="1">
    <analytics>
        <assay_groups>
          <assay_group id="g1" label="leukocyte">
                <assay>ERR030875</assay>
          </assay_group>
        </assay_groups>
    </analytics>
</configuration>
