<factors-definition>
	<defaultFilterFactors>
		<filterFactor>
			<type>DEVELOPMENTAL_STAGE</type>
			<value>adult</value>
		</filterFactor>
	</defaultFilterFactors>
    <defaultQueryFactorType>ORGANISM_PART</defaultQueryFactorType>
    <menuFilterFactorTypes>DEVELOPMENTAL_STAGE,ORGANISM_PART</menuFilterFactorTypes>
    <landingPageDisplayName>Proteomics - Tissues - Human Proteome Map</landingPageDisplayName>
    <dataProviderURL>http://www.nature.com/nature/journal/v509/n7502/full/nature13302.html,http://www.ebi.ac.uk/pride/archive/projects/PXD000561</dataProviderURL>
    <dataProviderDescription>A draft map of the human proteome,PRIDE Archive</dataProviderDescription>
    <speciesMapping/>
</factors-definition>
